Using pre-set license
Built from '2021.3/staging' branch; Version is '2021.3.16f1 (4016570cf34f) revision 4200023'; Using compiler version '192829333'; Build Type 'Release'
OS: 'Windows 11  (10.0.22000) 64bit Core' Language: 'en' Physical Memory: 16283 MB
BatchMode: 1, IsHumanControllingUs: 0, StartBugReporterOnCrash: 0, Is64bit: 1, IsPro: 1

COMMAND LINE ARGUMENTS:
C:\Program Files\Unity\Hub\Editor\2021.3.16f1\Editor\Unity.exe
-adb2
-batchMode
-noUpm
-name
AssetImportWorker0
-projectPath
C:/Users/dpres/Documents/GitHub/GrooveChops/GrooveChops
-logFile
Logs/AssetImportWorker0.log
-srvPort
55618
Successfully changed project path to: C:/Users/dpres/Documents/GitHub/GrooveChops/GrooveChops
C:/Users/dpres/Documents/GitHub/GrooveChops/GrooveChops
[UnityMemory] Configuration Parameters - Can be set up in boot.config
    "memorysetup-bucket-allocator-granularity=16"
    "memorysetup-bucket-allocator-bucket-count=8"
    "memorysetup-bucket-allocator-block-size=33554432"
    "memorysetup-bucket-allocator-block-count=8"
    "memorysetup-main-allocator-block-size=16777216"
    "memorysetup-thread-allocator-block-size=16777216"
    "memorysetup-gfx-main-allocator-block-size=16777216"
    "memorysetup-gfx-thread-allocator-block-size=16777216"
    "memorysetup-cache-allocator-block-size=4194304"
    "memorysetup-typetree-allocator-block-size=2097152"
    "memorysetup-profiler-bucket-allocator-granularity=16"
    "memorysetup-profiler-bucket-allocator-bucket-count=8"
    "memorysetup-profiler-bucket-allocator-block-size=33554432"
    "memorysetup-profiler-bucket-allocator-block-count=8"
    "memorysetup-profiler-allocator-block-size=16777216"
    "memorysetup-profiler-editor-allocator-block-size=1048576"
    "memorysetup-temp-allocator-size-main=16777216"
    "memorysetup-job-temp-allocator-block-size=2097152"
    "memorysetup-job-temp-allocator-block-size-background=1048576"
    "memorysetup-job-temp-allocator-reduction-small-platforms=262144"
    "memorysetup-temp-allocator-size-background-worker=32768"
    "memorysetup-temp-allocator-size-job-worker=262144"
    "memorysetup-temp-allocator-size-preload-manager=33554432"
    "memorysetup-temp-allocator-size-nav-mesh-worker=65536"
    "memorysetup-temp-allocator-size-audio-worker=65536"
    "memorysetup-temp-allocator-size-cloud-worker=32768"
    "memorysetup-temp-allocator-size-gi-baking-worker=262144"
    "memorysetup-temp-allocator-size-gfx=262144"
Player connection [20648] Host "[IP] 192.168.184.1 [Port] 0 [Flags] 2 [Guid] 207180681 [EditorId] 207180681 [Version] 1048832 [Id] WindowsEditor(7,PrestonsRazer) [Debug] 1 [PackageName] WindowsEditor [ProjectName] Editor" joined multi-casting on [225.0.0.222:54997]...

Player connection [20648] Host "[IP] 192.168.184.1 [Port] 0 [Flags] 2 [Guid] 207180681 [EditorId] 207180681 [Version] 1048832 [Id] WindowsEditor(7,PrestonsRazer) [Debug] 1 [PackageName] WindowsEditor [ProjectName] Editor" joined alternative multi-casting on [225.0.0.222:34997]...

Refreshing native plugins compatible for Editor in 202.19 ms, found 3 plugins.
Preloading 0 native plugins for Editor in 0.00 ms.
Initialize engine version: 2021.3.16f1 (4016570cf34f)
[Subsystems] Discovering subsystems at path C:/Program Files/Unity/Hub/Editor/2021.3.16f1/Editor/Data/Resources/UnitySubsystems
[Subsystems] Discovering subsystems at path C:/Users/dpres/Documents/GitHub/GrooveChops/GrooveChops/Assets
GfxDevice: creating device client; threaded=0; jobified=0
Direct3D:
    Version:  Direct3D 11.0 [level 11.1]
    Renderer: NVIDIA GeForce GTX 1080 Ti (ID=0x1b06)
    Vendor:   NVIDIA
    VRAM:     11128 MB
    Driver:   27.21.14.5671
Initialize mono
Mono path[0] = 'C:/Program Files/Unity/Hub/Editor/2021.3.16f1/Editor/Data/Managed'
Mono path[1] = 'C:/Program Files/Unity/Hub/Editor/2021.3.16f1/Editor/Data/MonoBleedingEdge/lib/mono/unityjit-win32'
Mono config path = 'C:/Program Files/Unity/Hub/Editor/2021.3.16f1/Editor/Data/MonoBleedingEdge/etc'
Using monoOptions --debugger-agent=transport=dt_socket,embedding=1,server=y,suspend=n,address=127.0.0.1:56140
Begin MonoManager ReloadAssembly
Registering precompiled unity dll's ...
Register platform support module: C:/Program Files/Unity/Hub/Editor/2021.3.16f1/Editor/Data/PlaybackEngines/WebGLSupport/UnityEditor.WebGL.Extensions.dll
Register platform support module: C:/Program Files/Unity/Hub/Editor/2021.3.16f1/Editor/Data/PlaybackEngines/WindowsStandaloneSupport/UnityEditor.WindowsStandalone.Extensions.dll
Register platform support module: C:/Program Files/Unity/Hub/Editor/2021.3.16f1/Editor/Data/PlaybackEngines/MetroSupport/UnityEditor.UWP.Extensions.dll
Registered in 0.009617 seconds.
Native extension for UWP target not found
Native extension for WindowsStandalone target not found
Native extension for WebGL target not found
Refreshing native plugins compatible for Editor in 127.93 ms, found 3 plugins.
Preloading 0 native plugins for Editor in 0.00 ms.
Mono: successfully reloaded assembly
- Completed reload, in  1.241 seconds
Domain Reload Profiling:
	ReloadAssembly (1244ms)
		BeginReloadAssembly (123ms)
			ExecutionOrderSort (0ms)
			DisableScriptedObjects (0ms)
			BackupInstance (0ms)
			ReleaseScriptingObjects (0ms)
			CreateAndSetChildDomain (2ms)
		EndReloadAssembly (938ms)
			LoadAssemblies (118ms)
			RebuildTransferFunctionScriptingTraits (0ms)
			SetupTypeCache (210ms)
			ReleaseScriptCaches (0ms)
			RebuildScriptCaches (43ms)
			SetupLoadedEditorAssemblies (595ms)
				LogAssemblyErrors (0ms)
				InitializePlatformSupportModulesInManaged (13ms)
				SetLoadedEditorAssemblies (0ms)
				RefreshPlugins (128ms)
				BeforeProcessingInitializeOnLoad (2ms)
				ProcessInitializeOnLoadAttributes (290ms)
				ProcessInitializeOnLoadMethodAttributes (161ms)
				AfterProcessingInitializeOnLoad (0ms)
				EditorAssembliesLoaded (0ms)
			ExecutionOrderSort2 (0ms)
			AwakeInstancesAfterBackupRestoration (0ms)
Platform modules already initialized, skipping
Registering precompiled user dll's ...
Registered in 0.024324 seconds.
Begin MonoManager ReloadAssembly
Symbol file LoadedFromMemory doesn't match image C:\Users\dpres\Documents\GitHub\GrooveChops\GrooveChops\Library\PackageCache\com.unity.visualscripting@1.7.8\Editor\VisualScripting.Core\Dependencies\YamlDotNet\Unity.VisualScripting.YamlDotNet.dll
Symbol file LoadedFromMemory doesn't match image C:\Users\dpres\Documents\GitHub\GrooveChops\GrooveChops\Library\PackageCache\com.unity.visualscripting@1.7.8\Editor\VisualScripting.Core\Dependencies\DotNetZip\Unity.VisualScripting.IonicZip.dll
Native extension for UWP target not found
Native extension for WindowsStandalone target not found
Native extension for WebGL target not found
Refreshing native plugins compatible for Editor in 0.96 ms, found 3 plugins.
Preloading 0 native plugins for Editor in 0.00 ms.
Mono: successfully reloaded assembly
- Completed reload, in  1.564 seconds
Domain Reload Profiling:
	ReloadAssembly (1566ms)
		BeginReloadAssembly (157ms)
			ExecutionOrderSort (0ms)
			DisableScriptedObjects (11ms)
			BackupInstance (0ms)
			ReleaseScriptingObjects (0ms)
			CreateAndSetChildDomain (28ms)
		EndReloadAssembly (1244ms)
			LoadAssemblies (114ms)
			RebuildTransferFunctionScriptingTraits (0ms)
			SetupTypeCache (442ms)
			ReleaseScriptCaches (1ms)
			RebuildScriptCaches (74ms)
			SetupLoadedEditorAssemblies (550ms)
				LogAssemblyErrors (0ms)
				InitializePlatformSupportModulesInManaged (10ms)
				SetLoadedEditorAssemblies (1ms)
				RefreshPlugins (1ms)
				BeforeProcessingInitializeOnLoad (123ms)
				ProcessInitializeOnLoadAttributes (361ms)
				ProcessInitializeOnLoadMethodAttributes (45ms)
				AfterProcessingInitializeOnLoad (10ms)
				EditorAssembliesLoaded (0ms)
			ExecutionOrderSort2 (0ms)
			AwakeInstancesAfterBackupRestoration (12ms)
Platform modules already initialized, skipping
========================================================================
Worker process is ready to serve import requests
Launched and connected shader compiler UnityShaderCompiler.exe after 0.05 seconds
Refreshing native plugins compatible for Editor in 1.78 ms, found 3 plugins.
Preloading 0 native plugins for Editor in 0.00 ms.
Unloading 3488 Unused Serialized files (Serialized files now loaded: 0)
Unloading 29 unused Assets / (113.8 KB). Loaded Objects now: 3946.
Memory consumption went from 125.1 MB to 125.0 MB.
Total: 3.747800 ms (FindLiveObjects: 0.343800 ms CreateObjectMapping: 0.259000 ms MarkObjects: 3.008100 ms  DeleteObjects: 0.135700 ms)

AssetImportParameters requested are different than current active one (requested -> active):
  custom:video-decoder-ogg-theora: a1e56fd34408186e4bbccfd4996cb3dc -> 
  custom:container-muxer-webm: aa71ff27fc2769a1b78a27578f13a17b -> 
  custom:container-demuxer-webm: 4f35f7cbe854078d1ac9338744f61a02 -> 
  custom:video-encoder-webm-vp8: eb34c28f22e8b96e1ab97ce403110664 -> 
  custom:audio-encoder-webm-vorbis: bf7c407c2cedff20999df2af8eb42d56 -> 
  custom:framework-win-MediaFoundation: 216162199b28c13a410421893ffa2e32 -> 
  custom:container-demuxer-ogg: 62fdf1f143b41e24485cea50d1cbac27 -> 
  custom:video-decoder-webm-vp8: 9c59270c3fd7afecdb556c50c9e8de78 -> 
  custom:audio-decoder-ogg-vorbis: bf7c407c2cedff20999df2af8eb42d56 -> 
========================================================================
Received Import Request.
  Time since last request: 3514.556995 seconds.
  path: Assets/Prefabs/RightCrash.prefab
  artifactKey: Guid(479b4380b9efe274bbc444255a4d1fc3) Importer(815301076,1909f56bfc062723c751e8b465ee728b)
Start importing Assets/Prefabs/RightCrash.prefab using Guid(479b4380b9efe274bbc444255a4d1fc3) Importer(815301076,1909f56bfc062723c751e8b465ee728b)  -> (artifact id: 'dae7965c8b1b489ef5b5069f569bccc6') in 0.183817 seconds 
========================================================================
Received Import Request.
  Time since last request: 0.000034 seconds.
  path: Assets/Prefabs/China.prefab
  artifactKey: Guid(cea081327acfb214fa5f997ba8615b30) Importer(815301076,1909f56bfc062723c751e8b465ee728b)
Start importing Assets/Prefabs/China.prefab using Guid(cea081327acfb214fa5f997ba8615b30) Importer(815301076,1909f56bfc062723c751e8b465ee728b)  -> (artifact id: 'a6cdbaaa2641a5033cfb73fa779559fc') in 0.022212 seconds 
========================================================================
Received Import Request.
  Time since last request: 0.000040 seconds.
  path: Assets/Prefabs/Kick.prefab
  artifactKey: Guid(c37e08a68b8b07d4eb9febb47881571a) Importer(815301076,1909f56bfc062723c751e8b465ee728b)
Start importing Assets/Prefabs/Kick.prefab using Guid(c37e08a68b8b07d4eb9febb47881571a) Importer(815301076,1909f56bfc062723c751e8b465ee728b)  -> (artifact id: 'd232abe2ca82e3738efd3c303d2cdbd2') in 0.024829 seconds 
========================================================================
Received Import Request.
  Time since last request: 0.000037 seconds.
  path: Assets/Prefabs/Snare.prefab
  artifactKey: Guid(f49a72a62fb1e804dbc42924e30d8844) Importer(815301076,1909f56bfc062723c751e8b465ee728b)
Start importing Assets/Prefabs/Snare.prefab using Guid(f49a72a62fb1e804dbc42924e30d8844) Importer(815301076,1909f56bfc062723c751e8b465ee728b)  -> (artifact id: '0075a8f1b423113691330cb0531594d9') in 0.019037 seconds 
========================================================================
Received Import Request.
  Time since last request: 0.000036 seconds.
  path: Assets/Prefabs/Tom2.prefab
  artifactKey: Guid(171cc5aeadfa3a6449b4dd9e5767592f) Importer(815301076,1909f56bfc062723c751e8b465ee728b)
Start importing Assets/Prefabs/Tom2.prefab using Guid(171cc5aeadfa3a6449b4dd9e5767592f) Importer(815301076,1909f56bfc062723c751e8b465ee728b)  -> (artifact id: 'ad9c538ad5092d64118748bd4b987fd2') in 0.018869 seconds 
========================================================================
Received Import Request.
  Time since last request: 0.000054 seconds.
  path: Assets/Prefabs/Ride.prefab
  artifactKey: Guid(f8e0e397fb34cf14289e3c25248919a9) Importer(815301076,1909f56bfc062723c751e8b465ee728b)
Start importing Assets/Prefabs/Ride.prefab using Guid(f8e0e397fb34cf14289e3c25248919a9) Importer(815301076,1909f56bfc062723c751e8b465ee728b)  -> (artifact id: '204efe6f8d4dad0b0442b5e2551f5513') in 0.021429 seconds 
========================================================================
Received Import Request.
  Time since last request: 0.000073 seconds.
  path: Assets/Prefabs/Tom1.prefab
  artifactKey: Guid(d1a6cf3371a6e644e84a326982122c29) Importer(815301076,1909f56bfc062723c751e8b465ee728b)
Start importing Assets/Prefabs/Tom1.prefab using Guid(d1a6cf3371a6e644e84a326982122c29) Importer(815301076,1909f56bfc062723c751e8b465ee728b)  -> (artifact id: '4a6ad208407a2c4f23e94527584f0fd1') in 0.038358 seconds 
========================================================================
Received Import Request.
  Time since last request: 23.222458 seconds.
  path: Assets/Scripts
  artifactKey: Guid(e1afd1595cc57ed468e558ca99809302) Importer(815301076,1909f56bfc062723c751e8b465ee728b)
Start importing Assets/Scripts using Guid(e1afd1595cc57ed468e558ca99809302) Importer(815301076,1909f56bfc062723c751e8b465ee728b)  -> (artifact id: '2f459d2e448ace129dae0496e5837be6') in 0.007589 seconds 
========================================================================
Received Import Request.
  Time since last request: 1.304436 seconds.
  path: Assets/Scripts/AudioManager.cs
  artifactKey: Guid(c01f2dd4455e8a546b5c9b04bc8cc2fb) Importer(815301076,1909f56bfc062723c751e8b465ee728b)
Start importing Assets/Scripts/AudioManager.cs using Guid(c01f2dd4455e8a546b5c9b04bc8cc2fb) Importer(815301076,1909f56bfc062723c751e8b465ee728b)  -> (artifact id: 'a365473eec2821315265f3707987805d') in 0.013732 seconds 
========================================================================
Received Import Request.
  Time since last request: 26.956595 seconds.
  path: Assets/Scripts/AudioManager.cs
  artifactKey: Guid(c01f2dd4455e8a546b5c9b04bc8cc2fb) Importer(815301076,1909f56bfc062723c751e8b465ee728b)
Start importing Assets/Scripts/AudioManager.cs using Guid(c01f2dd4455e8a546b5c9b04bc8cc2fb) Importer(815301076,1909f56bfc062723c751e8b465ee728b)  -> (artifact id: 'f603d3c64a8de72a125210f2ddd6bbd0') in 0.002625 seconds 
========================================================================
Received Import Request.
  Time since last request: 12.597283 seconds.
  path: Assets/Scripts/FileBrowserUpdate.cs
  artifactKey: Guid(cb7c64f72ddf2104183424eaf06c5e1a) Importer(815301076,1909f56bfc062723c751e8b465ee728b)
Start importing Assets/Scripts/FileBrowserUpdate.cs using Guid(cb7c64f72ddf2104183424eaf06c5e1a) Importer(815301076,1909f56bfc062723c751e8b465ee728b)  -> (artifact id: 'c531dfdd1d1d5d6e3d6f403a69337723') in 0.007802 seconds 
========================================================================
Received Import Request.
  Time since last request: 32.057037 seconds.
  path: Assets/Scripts/FileBrowserUpdate.cs
  artifactKey: Guid(cb7c64f72ddf2104183424eaf06c5e1a) Importer(815301076,1909f56bfc062723c751e8b465ee728b)
Start importing Assets/Scripts/FileBrowserUpdate.cs using Guid(cb7c64f72ddf2104183424eaf06c5e1a) Importer(815301076,1909f56bfc062723c751e8b465ee728b)  -> (artifact id: 'aadcffd86654cce261a32d058e2ad04d') in 0.002340 seconds 
========================================================================
Received Import Request.
  Time since last request: 3.644485 seconds.
  path: Assets/Scripts/GameManager.cs
  artifactKey: Guid(6e52796538fddb545a16f7d80d646101) Importer(815301076,1909f56bfc062723c751e8b465ee728b)
Start importing Assets/Scripts/GameManager.cs using Guid(6e52796538fddb545a16f7d80d646101) Importer(815301076,1909f56bfc062723c751e8b465ee728b)  -> (artifact id: '91b43c203b40a01966fafe863da705e8') in 0.006426 seconds 
========================================================================
Received Import Request.
  Time since last request: 13.683602 seconds.
  path: Assets/Scripts/GameManager.cs
  artifactKey: Guid(6e52796538fddb545a16f7d80d646101) Importer(815301076,1909f56bfc062723c751e8b465ee728b)
Start importing Assets/Scripts/GameManager.cs using Guid(6e52796538fddb545a16f7d80d646101) Importer(815301076,1909f56bfc062723c751e8b465ee728b)  -> (artifact id: 'ff139bbec373d777d090d1590b55e9ba') in 0.006131 seconds 
========================================================================
Received Import Request.
  Time since last request: 2.735391 seconds.
  path: Assets/Scripts/MidiManager.cs
  artifactKey: Guid(549dbdf9c013b6546a94fbdb17e14381) Importer(815301076,1909f56bfc062723c751e8b465ee728b)
Start importing Assets/Scripts/MidiManager.cs using Guid(549dbdf9c013b6546a94fbdb17e14381) Importer(815301076,1909f56bfc062723c751e8b465ee728b)  -> (artifact id: '8641312ae61a1562d18a10b4533ce240') in 0.007691 seconds 
========================================================================
Received Import Request.
  Time since last request: 19.116467 seconds.
  path: Assets/Scripts/MidiManager.cs
  artifactKey: Guid(549dbdf9c013b6546a94fbdb17e14381) Importer(815301076,1909f56bfc062723c751e8b465ee728b)
Start importing Assets/Scripts/MidiManager.cs using Guid(549dbdf9c013b6546a94fbdb17e14381) Importer(815301076,1909f56bfc062723c751e8b465ee728b)  -> (artifact id: 'db62d68371b68c63b9d579b112b36acb') in 0.005887 seconds 
========================================================================
Received Import Request.
  Time since last request: 2.066578 seconds.
  path: Assets/Scripts/Note.cs
  artifactKey: Guid(90336b06fd0b36f489c8004a96d80f3a) Importer(815301076,1909f56bfc062723c751e8b465ee728b)
Start importing Assets/Scripts/Note.cs using Guid(90336b06fd0b36f489c8004a96d80f3a) Importer(815301076,1909f56bfc062723c751e8b465ee728b)  -> (artifact id: '673fee5c800b30fc41dbe8810311b0ee') in 0.008904 seconds 
========================================================================
Received Import Request.
  Time since last request: 11.769939 seconds.
  path: Assets/Scripts/Note.cs
  artifactKey: Guid(90336b06fd0b36f489c8004a96d80f3a) Importer(815301076,1909f56bfc062723c751e8b465ee728b)
Start importing Assets/Scripts/Note.cs using Guid(90336b06fd0b36f489c8004a96d80f3a) Importer(815301076,1909f56bfc062723c751e8b465ee728b)  -> (artifact id: 'cf1d9522a33a1e09056d1571ee37062e') in 0.002720 seconds 
========================================================================
Received Import Request.
  Time since last request: 5.971304 seconds.
  path: Assets/Scripts/NoteManager.cs
  artifactKey: Guid(0a55c3871ecfd054aa6aac1730a60918) Importer(815301076,1909f56bfc062723c751e8b465ee728b)
Start importing Assets/Scripts/NoteManager.cs using Guid(0a55c3871ecfd054aa6aac1730a60918) Importer(815301076,1909f56bfc062723c751e8b465ee728b)  -> (artifact id: 'a4a4f8a1b45e83435d12f8eb61d7855c') in 0.010102 seconds 
========================================================================
Received Import Request.
  Time since last request: 11.544737 seconds.
  path: Assets/Scripts/NoteSpawner.cs
  artifactKey: Guid(12289f2c09cb81b4582ffd055c2f01d4) Importer(815301076,1909f56bfc062723c751e8b465ee728b)
Start importing Assets/Scripts/NoteSpawner.cs using Guid(12289f2c09cb81b4582ffd055c2f01d4) Importer(815301076,1909f56bfc062723c751e8b465ee728b)  -> (artifact id: '3ca04343b0b7c743bb6a1af1116efd5a') in 0.008443 seconds 
========================================================================
Received Import Request.
  Time since last request: 7.833364 seconds.
  path: Assets/Scripts/NoteSpawner.cs
  artifactKey: Guid(12289f2c09cb81b4582ffd055c2f01d4) Importer(815301076,1909f56bfc062723c751e8b465ee728b)
Start importing Assets/Scripts/NoteSpawner.cs using Guid(12289f2c09cb81b4582ffd055c2f01d4) Importer(815301076,1909f56bfc062723c751e8b465ee728b)  -> (artifact id: 'cd97325e05dfd0a7730e4f99e6ff6607') in 0.002250 seconds 
========================================================================
Received Import Request.
  Time since last request: 2.712712 seconds.
  path: Assets/Scripts/Tracks.cs
  artifactKey: Guid(500e4e3ebac9f1647aefb641a863e131) Importer(815301076,1909f56bfc062723c751e8b465ee728b)
Start importing Assets/Scripts/Tracks.cs using Guid(500e4e3ebac9f1647aefb641a863e131) Importer(815301076,1909f56bfc062723c751e8b465ee728b)  -> (artifact id: '1a626e187b4d0294430f1885c6716ee8') in 0.009547 seconds 
========================================================================
Received Import Request.
  Time since last request: 20.483273 seconds.
  path: Assets/Scripts/Tracks.cs
  artifactKey: Guid(500e4e3ebac9f1647aefb641a863e131) Importer(815301076,1909f56bfc062723c751e8b465ee728b)
Start importing Assets/Scripts/Tracks.cs using Guid(500e4e3ebac9f1647aefb641a863e131) Importer(815301076,1909f56bfc062723c751e8b465ee728b)  -> (artifact id: '70b45d5b1dfca2f0ed620c25485c7991') in 0.002426 seconds 
========================================================================
Received Import Request.
  Time since last request: 22.655755 seconds.
  path: Assets/Scripts/DrumMapManager.cs
  artifactKey: Guid(543bd5a070c47024381a175903a890bf) Importer(815301076,1909f56bfc062723c751e8b465ee728b)
Start importing Assets/Scripts/DrumMapManager.cs using Guid(543bd5a070c47024381a175903a890bf) Importer(815301076,1909f56bfc062723c751e8b465ee728b)  -> (artifact id: 'c939bf22e5193139b08b015c45be3922') in 0.010510 seconds 
========================================================================
Received Import Request.
  Time since last request: 5.024839 seconds.
  path: Assets/Scripts/DrumMapManager.cs
  artifactKey: Guid(543bd5a070c47024381a175903a890bf) Importer(815301076,1909f56bfc062723c751e8b465ee728b)
Start importing Assets/Scripts/DrumMapManager.cs using Guid(543bd5a070c47024381a175903a890bf) Importer(815301076,1909f56bfc062723c751e8b465ee728b)  -> (artifact id: '3a68d0c185b5458fb951204ab1677948') in 0.003477 seconds 
========================================================================
Received Import Request.
  Time since last request: 6.792605 seconds.
  path: Assets/Scripts/UIManager.cs
  artifactKey: Guid(2b74087d5974d0c45b91df6fb9f1be0c) Importer(815301076,1909f56bfc062723c751e8b465ee728b)
Start importing Assets/Scripts/UIManager.cs using Guid(2b74087d5974d0c45b91df6fb9f1be0c) Importer(815301076,1909f56bfc062723c751e8b465ee728b)  -> (artifact id: '2ac85e66763177e098b187e0df204fce') in 0.009459 seconds 
========================================================================
Received Import Request.
  Time since last request: 11.517837 seconds.
  path: Assets/Scripts/UIManager.cs
  artifactKey: Guid(2b74087d5974d0c45b91df6fb9f1be0c) Importer(815301076,1909f56bfc062723c751e8b465ee728b)
Start importing Assets/Scripts/UIManager.cs using Guid(2b74087d5974d0c45b91df6fb9f1be0c) Importer(815301076,1909f56bfc062723c751e8b465ee728b)  -> (artifact id: '2342e9f773689ebab84be05060d47962') in 0.003426 seconds 
========================================================================
Received Prepare
Registering precompiled user dll's ...
Registered in 0.008378 seconds.
Begin MonoManager ReloadAssembly
Symbol file LoadedFromMemory doesn't match image C:\Users\dpres\Documents\GitHub\GrooveChops\GrooveChops\Library\PackageCache\com.unity.visualscripting@1.7.8\Editor\VisualScripting.Core\Dependencies\YamlDotNet\Unity.VisualScripting.YamlDotNet.dll
Symbol file LoadedFromMemory doesn't match image C:\Users\dpres\Documents\GitHub\GrooveChops\GrooveChops\Library\PackageCache\com.unity.visualscripting@1.7.8\Editor\VisualScripting.Core\Dependencies\DotNetZip\Unity.VisualScripting.IonicZip.dll
Native extension for UWP target not found
Native extension for WindowsStandalone target not found
Native extension for WebGL target not found
Refreshing native plugins compatible for Editor in 0.85 ms, found 3 plugins.
Preloading 0 native plugins for Editor in 0.00 ms.
Mono: successfully reloaded assembly
- Completed reload, in  1.242 seconds
Domain Reload Profiling:
	ReloadAssembly (1242ms)
		BeginReloadAssembly (167ms)
			ExecutionOrderSort (0ms)
			DisableScriptedObjects (6ms)
			BackupInstance (0ms)
			ReleaseScriptingObjects (0ms)
			CreateAndSetChildDomain (46ms)
		EndReloadAssembly (954ms)
			LoadAssemblies (106ms)
			RebuildTransferFunctionScriptingTraits (0ms)
			SetupTypeCache (397ms)
			ReleaseScriptCaches (2ms)
			RebuildScriptCaches (46ms)
			SetupLoadedEditorAssemblies (362ms)
				LogAssemblyErrors (0ms)
				InitializePlatformSupportModulesInManaged (15ms)
				SetLoadedEditorAssemblies (0ms)
				RefreshPlugins (1ms)
				BeforeProcessingInitializeOnLoad (71ms)
				ProcessInitializeOnLoadAttributes (241ms)
				ProcessInitializeOnLoadMethodAttributes (25ms)
				AfterProcessingInitializeOnLoad (6ms)
				EditorAssembliesLoaded (0ms)
			ExecutionOrderSort2 (0ms)
			AwakeInstancesAfterBackupRestoration (8ms)
Platform modules already initialized, skipping
Refreshing native plugins compatible for Editor in 2.03 ms, found 3 plugins.
Preloading 0 native plugins for Editor in 0.00 ms.
Unloading 3471 Unused Serialized files (Serialized files now loaded: 0)
Unloading 22 unused Assets / (80.3 KB). Loaded Objects now: 3959.
Memory consumption went from 128.1 MB to 128.1 MB.
Total: 4.692500 ms (FindLiveObjects: 0.306500 ms CreateObjectMapping: 0.226300 ms MarkObjects: 4.068400 ms  DeleteObjects: 0.089800 ms)

AssetImportParameters requested are different than current active one (requested -> active):
  custom:video-decoder-ogg-theora: a1e56fd34408186e4bbccfd4996cb3dc -> 
  custom:container-muxer-webm: aa71ff27fc2769a1b78a27578f13a17b -> 
  custom:container-demuxer-webm: 4f35f7cbe854078d1ac9338744f61a02 -> 
  custom:video-encoder-webm-vp8: eb34c28f22e8b96e1ab97ce403110664 -> 
  custom:audio-encoder-webm-vorbis: bf7c407c2cedff20999df2af8eb42d56 -> 
  custom:framework-win-MediaFoundation: 216162199b28c13a410421893ffa2e32 -> 
  custom:container-demuxer-ogg: 62fdf1f143b41e24485cea50d1cbac27 -> 
  custom:video-decoder-webm-vp8: 9c59270c3fd7afecdb556c50c9e8de78 -> 
  custom:audio-decoder-ogg-vorbis: bf7c407c2cedff20999df2af8eb42d56 -> 
========================================================================
Received Import Request.
  Time since last request: 180.578600 seconds.
  path: Assets/Scenes
  artifactKey: Guid(6ea315d0fd7389c41b19996891e99ae3) Importer(815301076,1909f56bfc062723c751e8b465ee728b)
Start importing Assets/Scenes using Guid(6ea315d0fd7389c41b19996891e99ae3) Importer(815301076,1909f56bfc062723c751e8b465ee728b)  -> (artifact id: 'bc172811d573b296104adb4d2728db37') in 0.014062 seconds 
========================================================================
Received Import Request.
  Time since last request: 1.094804 seconds.
  path: Assets/Scenes/Backup.unity
  artifactKey: Guid(26b12061baa76d44fba75433451dcb77) Importer(815301076,1909f56bfc062723c751e8b465ee728b)
Start importing Assets/Scenes/Backup.unity using Guid(26b12061baa76d44fba75433451dcb77) Importer(815301076,1909f56bfc062723c751e8b465ee728b)  -> (artifact id: 'd7df1ac55d658142bfdd7a9b6ec5fd60') in 0.008089 seconds 
========================================================================
Received Prepare
Registering precompiled user dll's ...
Registered in 0.007260 seconds.
Begin MonoManager ReloadAssembly
Symbol file LoadedFromMemory doesn't match image C:\Users\dpres\Documents\GitHub\GrooveChops\GrooveChops\Library\PackageCache\com.unity.visualscripting@1.7.8\Editor\VisualScripting.Core\Dependencies\YamlDotNet\Unity.VisualScripting.YamlDotNet.dll
Symbol file LoadedFromMemory doesn't match image C:\Users\dpres\Documents\GitHub\GrooveChops\GrooveChops\Library\PackageCache\com.unity.visualscripting@1.7.8\Editor\VisualScripting.Core\Dependencies\DotNetZip\Unity.VisualScripting.IonicZip.dll
Native extension for UWP target not found
Native extension for WindowsStandalone target not found
Native extension for WebGL target not found
Refreshing native plugins compatible for Editor in 0.83 ms, found 3 plugins.
Preloading 0 native plugins for Editor in 0.00 ms.
Mono: successfully reloaded assembly
- Completed reload, in  1.148 seconds
Domain Reload Profiling:
	ReloadAssembly (1149ms)
		BeginReloadAssembly (147ms)
			ExecutionOrderSort (0ms)
			DisableScriptedObjects (7ms)
			BackupInstance (0ms)
			ReleaseScriptingObjects (0ms)
			CreateAndSetChildDomain (41ms)
		EndReloadAssembly (904ms)
			LoadAssemblies (91ms)
			RebuildTransferFunctionScriptingTraits (0ms)
			SetupTypeCache (327ms)
			ReleaseScriptCaches (1ms)
			RebuildScriptCaches (51ms)
			SetupLoadedEditorAssemblies (385ms)
				LogAssemblyErrors (0ms)
				InitializePlatformSupportModulesInManaged (17ms)
				SetLoadedEditorAssemblies (1ms)
				RefreshPlugins (1ms)
				BeforeProcessingInitializeOnLoad (83ms)
				ProcessInitializeOnLoadAttributes (251ms)
				ProcessInitializeOnLoadMethodAttributes (25ms)
				AfterProcessingInitializeOnLoad (7ms)
				EditorAssembliesLoaded (0ms)
			ExecutionOrderSort2 (0ms)
			AwakeInstancesAfterBackupRestoration (11ms)
Platform modules already initialized, skipping
Refreshing native plugins compatible for Editor in 2.14 ms, found 3 plugins.
Preloading 0 native plugins for Editor in 0.00 ms.
Unloading 3471 Unused Serialized files (Serialized files now loaded: 0)
Unloading 22 unused Assets / (80.4 KB). Loaded Objects now: 3962.
Memory consumption went from 128.1 MB to 128.1 MB.
Total: 2.904800 ms (FindLiveObjects: 0.290700 ms CreateObjectMapping: 0.215300 ms MarkObjects: 2.290900 ms  DeleteObjects: 0.106900 ms)

AssetImportParameters requested are different than current active one (requested -> active):
  custom:video-decoder-ogg-theora: a1e56fd34408186e4bbccfd4996cb3dc -> 
  custom:container-muxer-webm: aa71ff27fc2769a1b78a27578f13a17b -> 
  custom:container-demuxer-webm: 4f35f7cbe854078d1ac9338744f61a02 -> 
  custom:video-encoder-webm-vp8: eb34c28f22e8b96e1ab97ce403110664 -> 
  custom:audio-encoder-webm-vorbis: bf7c407c2cedff20999df2af8eb42d56 -> 
  custom:framework-win-MediaFoundation: 216162199b28c13a410421893ffa2e32 -> 
  custom:container-demuxer-ogg: 62fdf1f143b41e24485cea50d1cbac27 -> 
  custom:video-decoder-webm-vp8: 9c59270c3fd7afecdb556c50c9e8de78 -> 
  custom:audio-decoder-ogg-vorbis: bf7c407c2cedff20999df2af8eb42d56 -> 
========================================================================
Received Prepare
Registering precompiled user dll's ...
Registered in 0.008097 seconds.
Begin MonoManager ReloadAssembly
Symbol file LoadedFromMemory doesn't match image C:\Users\dpres\Documents\GitHub\GrooveChops\GrooveChops\Library\PackageCache\com.unity.visualscripting@1.7.8\Editor\VisualScripting.Core\Dependencies\YamlDotNet\Unity.VisualScripting.YamlDotNet.dll
Symbol file LoadedFromMemory doesn't match image C:\Users\dpres\Documents\GitHub\GrooveChops\GrooveChops\Library\PackageCache\com.unity.visualscripting@1.7.8\Editor\VisualScripting.Core\Dependencies\DotNetZip\Unity.VisualScripting.IonicZip.dll
Native extension for UWP target not found
Native extension for WindowsStandalone target not found
Native extension for WebGL target not found
Refreshing native plugins compatible for Editor in 0.90 ms, found 3 plugins.
Preloading 0 native plugins for Editor in 0.00 ms.
Mono: successfully reloaded assembly
- Completed reload, in  1.369 seconds
Domain Reload Profiling:
	ReloadAssembly (1370ms)
		BeginReloadAssembly (205ms)
			ExecutionOrderSort (0ms)
			DisableScriptedObjects (9ms)
			BackupInstance (0ms)
			ReleaseScriptingObjects (0ms)
			CreateAndSetChildDomain (53ms)
		EndReloadAssembly (997ms)
			LoadAssemblies (133ms)
			RebuildTransferFunctionScriptingTraits (0ms)
			SetupTypeCache (382ms)
			ReleaseScriptCaches (1ms)
			RebuildScriptCaches (55ms)
			SetupLoadedEditorAssemblies (387ms)
				LogAssemblyErrors (0ms)
				InitializePlatformSupportModulesInManaged (15ms)
				SetLoadedEditorAssemblies (0ms)
				RefreshPlugins (1ms)
				BeforeProcessingInitializeOnLoad (81ms)
				ProcessInitializeOnLoadAttributes (256ms)
				ProcessInitializeOnLoadMethodAttributes (26ms)
				AfterProcessingInitializeOnLoad (7ms)
				EditorAssembliesLoaded (0ms)
			ExecutionOrderSort2 (0ms)
			AwakeInstancesAfterBackupRestoration (9ms)
Platform modules already initialized, skipping
Refreshing native plugins compatible for Editor in 2.21 ms, found 3 plugins.
Preloading 0 native plugins for Editor in 0.00 ms.
Unloading 3471 Unused Serialized files (Serialized files now loaded: 0)
Unloading 22 unused Assets / (80.5 KB). Loaded Objects now: 3965.
Memory consumption went from 128.1 MB to 128.1 MB.
Total: 3.297600 ms (FindLiveObjects: 0.326400 ms CreateObjectMapping: 0.204600 ms MarkObjects: 2.639800 ms  DeleteObjects: 0.125300 ms)

AssetImportParameters requested are different than current active one (requested -> active):
  custom:video-decoder-ogg-theora: a1e56fd34408186e4bbccfd4996cb3dc -> 
  custom:container-muxer-webm: aa71ff27fc2769a1b78a27578f13a17b -> 
  custom:container-demuxer-webm: 4f35f7cbe854078d1ac9338744f61a02 -> 
  custom:video-encoder-webm-vp8: eb34c28f22e8b96e1ab97ce403110664 -> 
  custom:audio-encoder-webm-vorbis: bf7c407c2cedff20999df2af8eb42d56 -> 
  custom:framework-win-MediaFoundation: 216162199b28c13a410421893ffa2e32 -> 
  custom:container-demuxer-ogg: 62fdf1f143b41e24485cea50d1cbac27 -> 
  custom:video-decoder-webm-vp8: 9c59270c3fd7afecdb556c50c9e8de78 -> 
  custom:audio-decoder-ogg-vorbis: bf7c407c2cedff20999df2af8eb42d56 -> 
========================================================================
Received Prepare
Registering precompiled user dll's ...
Registered in 0.008997 seconds.
Begin MonoManager ReloadAssembly
Symbol file LoadedFromMemory doesn't match image C:\Users\dpres\Documents\GitHub\GrooveChops\GrooveChops\Library\PackageCache\com.unity.visualscripting@1.7.8\Editor\VisualScripting.Core\Dependencies\YamlDotNet\Unity.VisualScripting.YamlDotNet.dll
Symbol file LoadedFromMemory doesn't match image C:\Users\dpres\Documents\GitHub\GrooveChops\GrooveChops\Library\PackageCache\com.unity.visualscripting@1.7.8\Editor\VisualScripting.Core\Dependencies\DotNetZip\Unity.VisualScripting.IonicZip.dll
Native extension for UWP target not found
Native extension for WindowsStandalone target not found
Native extension for WebGL target not found
Refreshing native plugins compatible for Editor in 0.70 ms, found 3 plugins.
Preloading 0 native plugins for Editor in 0.00 ms.
Mono: successfully reloaded assembly
- Completed reload, in  1.316 seconds
Domain Reload Profiling:
	ReloadAssembly (1317ms)
		BeginReloadAssembly (153ms)
			ExecutionOrderSort (0ms)
			DisableScriptedObjects (8ms)
			BackupInstance (0ms)
			ReleaseScriptingObjects (0ms)
			CreateAndSetChildDomain (43ms)
		EndReloadAssembly (1056ms)
			LoadAssemblies (95ms)
			RebuildTransferFunctionScriptingTraits (0ms)
			SetupTypeCache (329ms)
			ReleaseScriptCaches (1ms)
			RebuildScriptCaches (68ms)
			SetupLoadedEditorAssemblies (471ms)
				LogAssemblyErrors (0ms)
				InitializePlatformSupportModulesInManaged (19ms)
				SetLoadedEditorAssemblies (1ms)
				RefreshPlugins (1ms)
				BeforeProcessingInitializeOnLoad (77ms)
				ProcessInitializeOnLoadAttributes (324ms)
				ProcessInitializeOnLoadMethodAttributes (40ms)
				AfterProcessingInitializeOnLoad (9ms)
				EditorAssembliesLoaded (0ms)
			ExecutionOrderSort2 (0ms)
			AwakeInstancesAfterBackupRestoration (11ms)
Platform modules already initialized, skipping
Refreshing native plugins compatible for Editor in 2.86 ms, found 3 plugins.
Preloading 0 native plugins for Editor in 0.00 ms.
Unloading 3471 Unused Serialized files (Serialized files now loaded: 0)
Unloading 22 unused Assets / (80.3 KB). Loaded Objects now: 3968.
Memory consumption went from 128.2 MB to 128.1 MB.
Total: 4.210700 ms (FindLiveObjects: 0.453800 ms CreateObjectMapping: 0.426800 ms MarkObjects: 3.232800 ms  DeleteObjects: 0.096100 ms)

AssetImportParameters requested are different than current active one (requested -> active):
  custom:video-decoder-ogg-theora: a1e56fd34408186e4bbccfd4996cb3dc -> 
  custom:container-muxer-webm: aa71ff27fc2769a1b78a27578f13a17b -> 
  custom:container-demuxer-webm: 4f35f7cbe854078d1ac9338744f61a02 -> 
  custom:video-encoder-webm-vp8: eb34c28f22e8b96e1ab97ce403110664 -> 
  custom:audio-encoder-webm-vorbis: bf7c407c2cedff20999df2af8eb42d56 -> 
  custom:framework-win-MediaFoundation: 216162199b28c13a410421893ffa2e32 -> 
  custom:container-demuxer-ogg: 62fdf1f143b41e24485cea50d1cbac27 -> 
  custom:video-decoder-webm-vp8: 9c59270c3fd7afecdb556c50c9e8de78 -> 
  custom:audio-decoder-ogg-vorbis: bf7c407c2cedff20999df2af8eb42d56 -> 
========================================================================
Received Prepare
Registering precompiled user dll's ...
Registered in 0.007033 seconds.
Begin MonoManager ReloadAssembly
Symbol file LoadedFromMemory doesn't match image C:\Users\dpres\Documents\GitHub\GrooveChops\GrooveChops\Library\PackageCache\com.unity.visualscripting@1.7.8\Editor\VisualScripting.Core\Dependencies\YamlDotNet\Unity.VisualScripting.YamlDotNet.dll
Symbol file LoadedFromMemory doesn't match image C:\Users\dpres\Documents\GitHub\GrooveChops\GrooveChops\Library\PackageCache\com.unity.visualscripting@1.7.8\Editor\VisualScripting.Core\Dependencies\DotNetZip\Unity.VisualScripting.IonicZip.dll
Native extension for UWP target not found
Native extension for WindowsStandalone target not found
Native extension for WebGL target not found
Refreshing native plugins compatible for Editor in 0.84 ms, found 3 plugins.
Preloading 0 native plugins for Editor in 0.00 ms.
Mono: successfully reloaded assembly
- Completed reload, in  1.473 seconds
Domain Reload Profiling:
	ReloadAssembly (1474ms)
		BeginReloadAssembly (160ms)
			ExecutionOrderSort (0ms)
			DisableScriptedObjects (7ms)
			BackupInstance (0ms)
			ReleaseScriptingObjects (0ms)
			CreateAndSetChildDomain (48ms)
		EndReloadAssembly (1200ms)
			LoadAssemblies (104ms)
			RebuildTransferFunctionScriptingTraits (0ms)
			SetupTypeCache (389ms)
			ReleaseScriptCaches (2ms)
			RebuildScriptCaches (83ms)
			SetupLoadedEditorAssemblies (512ms)
				LogAssemblyErrors (0ms)
				InitializePlatformSupportModulesInManaged (19ms)
				SetLoadedEditorAssemblies (1ms)
				RefreshPlugins (1ms)
				BeforeProcessingInitializeOnLoad (91ms)
				ProcessInitializeOnLoadAttributes (351ms)
				ProcessInitializeOnLoadMethodAttributes (37ms)
				AfterProcessingInitializeOnLoad (12ms)
				EditorAssembliesLoaded (0ms)
			ExecutionOrderSort2 (0ms)
			AwakeInstancesAfterBackupRestoration (12ms)
Platform modules already initialized, skipping
Refreshing native plugins compatible for Editor in 3.81 ms, found 3 plugins.
Preloading 0 native plugins for Editor in 0.00 ms.
Unloading 3471 Unused Serialized files (Serialized files now loaded: 0)
Unloading 22 unused Assets / (80.4 KB). Loaded Objects now: 3971.
Memory consumption went from 128.2 MB to 128.1 MB.
Total: 3.539800 ms (FindLiveObjects: 0.294000 ms CreateObjectMapping: 0.186600 ms MarkObjects: 2.954600 ms  DeleteObjects: 0.103600 ms)

AssetImportParameters requested are different than current active one (requested -> active):
  custom:video-decoder-ogg-theora: a1e56fd34408186e4bbccfd4996cb3dc -> 
  custom:container-muxer-webm: aa71ff27fc2769a1b78a27578f13a17b -> 
  custom:container-demuxer-webm: 4f35f7cbe854078d1ac9338744f61a02 -> 
  custom:video-encoder-webm-vp8: eb34c28f22e8b96e1ab97ce403110664 -> 
  custom:audio-encoder-webm-vorbis: bf7c407c2cedff20999df2af8eb42d56 -> 
  custom:framework-win-MediaFoundation: 216162199b28c13a410421893ffa2e32 -> 
  custom:container-demuxer-ogg: 62fdf1f143b41e24485cea50d1cbac27 -> 
  custom:video-decoder-webm-vp8: 9c59270c3fd7afecdb556c50c9e8de78 -> 
  custom:audio-decoder-ogg-vorbis: bf7c407c2cedff20999df2af8eb42d56 -> 
